{
  "RSpec": {
    "coverage": {
      "/Users/davidkennedy/turing_work/1mod/Group_project/futbol/spec/games_spec.rb": {
        "lines": [
          1,
          null,
          1,
          null,
          1,
          null,
          2,
          null,
          null,
          null,
          1,
          null,
          1,
          null,
          1,
          null,
          null,
          null,
          null,
          null,
          1,
          null,
          1,
          null,
          1,
          1,
          1,
          1,
          1,
          1,
          1,
          1,
          1,
          1,
          null,
          null,
          null,
          null,
          null
        ]
      },
      "/Users/davidkennedy/turing_work/1mod/Group_project/futbol/spec/stat_tracker_spec.rb": {
        "lines": [
          1,
          null,
          1,
          null,
          1,
          null,
          5,
          5,
          5,
          null,
          null,
          5,
          null,
          null,
          null,
          null,
          5,
          null,
          null,
          null,
          1,
          null,
          1,
          null,
          1,
          null,
          1,
          null,
          null,
          null,
          null,
          null,
          1,
          null,
          1,
          null,
          null,
          1,
          1,
          1,
          null,
          1,
          1,
          1,
          null,
          null,
          null,
          1,
          1,
          1,
          null,
          1,
          1,
          null,
          1,
          1,
          null,
          null,
          null
        ]
      },
      "/Users/davidkennedy/turing_work/1mod/Group_project/futbol/spec/teams_spec.rb": {
        "lines": [
          1,
          null,
          1,
          null,
          1,
          null,
          0,
          null,
          null,
          null,
          1,
          null,
          1,
          null,
          0,
          null,
          null,
          null,
          null,
          null,
          1,
          null,
          1,
          null,
          0,
          0,
          0,
          0,
          0,
          0,
          null,
          null,
          null,
          null,
          null
        ]
      }
    },
    "timestamp": 1741223487
  }
}
